# JRE version: OpenJDK Runtime Environment Temurin-17.0.7+7 (17.0.7+7) (build 17.0.7+7)
# Java VM: OpenJDK 64-Bit Server VM Temurin-17.0.7+7 (17.0.7+7, mixed mode, sharing, tiered, compressed oops, compressed class ptrs, g1 gc, windows-amd64)
GC Precious Log:
 CPUs: 32 total, 32 available
 Memory: 63032M
 Large Page Support: Disabled
 NUMA Support: Disabled
 Compressed Oops: Enabled (Zero based)
 Heap Region Size: 2M
 Heap Min Capacity: 512M
 Heap Initial Capacity: 512M
 Heap Max Capacity: 4072M
 Pre-touch: Disabled
 Parallel Workers: 23
 Concurrent Workers: 6
 Concurrent Refinement Workers: 23
 Periodic GC: Disabled
 String Deduplication is enabled
Heap:
 garbage-first heap   total 524288K, used 126139K [0x0000000701800000, 0x0000000800000000)
  region size 2048K, 17 young (34816K), 1 survivors (2048K)
 Metaspace       used 89968K, committed 90752K, reserved 1179648K
  class space    used 12337K, committed 12736K, reserved 1048576K
GC Heap History (20 events):
Event: 1489.444 GC heap before
{Heap before GC invocations=142 (full 4):
 garbage-first heap   total 524288K, used 174997K [0x0000000701800000, 0x0000000800000000)
  region size 2048K, 40 young (81920K), 1 survivors (2048K)
 Metaspace       used 89897K, committed 90688K, reserved 1179648K
  class space    used 12337K, committed 12736K, reserved 1048576K
}
Event: 1489.445 GC heap after
{Heap after GC invocations=143 (full 4):
 garbage-first heap   total 524288K, used 95219K [0x0000000701800000, 0x0000000800000000)
  region size 2048K, 1 young (2048K), 1 survivors (2048K)
 Metaspace       used 89897K, committed 90688K, reserved 1179648K
  class space    used 12337K, committed 12736K, reserved 1048576K
}
Event: 1499.527 GC heap before
{Heap before GC invocations=143 (full 4):
 garbage-first heap   total 524288K, used 175091K [0x0000000701800000, 0x0000000800000000)
  region size 2048K, 40 young (81920K), 1 survivors (2048K)
 Metaspace       used 89906K, committed 90688K, reserved 1179648K
  class space    used 12337K, committed 12736K, reserved 1048576K
}
Event: 1499.529 GC heap after
{Heap after GC invocations=144 (full 4):
 garbage-first heap   total 524288K, used 95311K [0x0000000701800000, 0x0000000800000000)
  region size 2048K, 1 young (2048K), 1 survivors (2048K)
 Metaspace       used 89906K, committed 90688K, reserved 1179648K
  class space    used 12337K, committed 12736K, reserved 1048576K
}
Event: 1501.561 GC heap before
{Heap before GC invocations=144 (full 4):
 garbage-first heap   total 524288K, used 175183K [0x0000000701800000, 0x0000000800000000)
  region size 2048K, 40 young (81920K), 1 survivors (2048K)
 Metaspace       used 89908K, committed 90688K, reserved 1179648K
  class space    used 12337K, committed 12736K, reserved 1048576K
}
Event: 1501.563 GC heap after
{Heap after GC invocations=145 (full 4):
 garbage-first heap   total 524288K, used 95337K [0x0000000701800000, 0x0000000800000000)
  region size 2048K, 1 young (2048K), 1 survivors (2048K)
 Metaspace       used 89908K, committed 90688K, reserved 1179648K
  class space    used 12337K, committed 12736K, reserved 1048576K
}
Event: 1504.704 GC heap before
{Heap before GC invocations=145 (full 4):
 garbage-first heap   total 524288K, used 175209K [0x0000000701800000, 0x0000000800000000)
  region size 2048K, 40 young (81920K), 1 survivors (2048K)
 Metaspace       used 89917K, committed 90752K, reserved 1179648K
  class space    used 12337K, committed 12736K, reserved 1048576K
}
Event: 1504.705 GC heap after
{Heap after GC invocations=146 (full 4):
 garbage-first heap   total 524288K, used 95702K [0x0000000701800000, 0x0000000800000000)
  region size 2048K, 1 young (2048K), 1 survivors (2048K)
 Metaspace       used 89917K, committed 90752K, reserved 1179648K
  class space    used 12337K, committed 12736K, reserved 1048576K
}
Event: 1511.935 GC heap before
{Heap before GC invocations=146 (full 4):
 garbage-first heap   total 524288K, used 175574K [0x0000000701800000, 0x0000000800000000)
  region size 2048K, 40 young (81920K), 1 survivors (2048K)
 Metaspace       used 89921K, committed 90752K, reserved 1179648K
  class space    used 12337K, committed 12736K, reserved 1048576K
}
Event: 1511.936 GC heap after
{Heap after GC invocations=147 (full 4):
 garbage-first heap   total 524288K, used 95365K [0x0000000701800000, 0x0000000800000000)
  region size 2048K, 1 young (2048K), 1 survivors (2048K)
 Metaspace       used 89921K, committed 90752K, reserved 1179648K
  class space    used 12337K, committed 12736K, reserved 1048576K
}
Event: 1521.016 GC heap before
{Heap before GC invocations=147 (full 4):
 garbage-first heap   total 524288K, used 175237K [0x0000000701800000, 0x0000000800000000)
  region size 2048K, 40 young (81920K), 1 survivors (2048K)
 Metaspace       used 89948K, committed 90752K, reserved 1179648K
  class space    used 12337K, committed 12736K, reserved 1048576K
}
Event: 1521.017 GC heap after
{Heap after GC invocations=148 (full 4):
 garbage-first heap   total 524288K, used 95361K [0x0000000701800000, 0x0000000800000000)
  region size 2048K, 1 young (2048K), 1 survivors (2048K)
 Metaspace       used 89948K, committed 90752K, reserved 1179648K
  class space    used 12337K, committed 12736K, reserved 1048576K
}
Event: 1524.099 GC heap before
{Heap before GC invocations=148 (full 4):
 garbage-first heap   total 524288K, used 175233K [0x0000000701800000, 0x0000000800000000)
  region size 2048K, 40 young (81920K), 1 survivors (2048K)
 Metaspace       used 89952K, committed 90752K, reserved 1179648K
  class space    used 12337K, committed 12736K, reserved 1048576K
}
Event: 1524.100 GC heap after
{Heap after GC invocations=149 (full 4):
 garbage-first heap   total 524288K, used 95327K [0x0000000701800000, 0x0000000800000000)
  region size 2048K, 1 young (2048K), 1 survivors (2048K)
 Metaspace       used 89952K, committed 90752K, reserved 1179648K
  class space    used 12337K, committed 12736K, reserved 1048576K
}
Event: 1537.939 GC heap before
{Heap before GC invocations=149 (full 4):
 garbage-first heap   total 524288K, used 175199K [0x0000000701800000, 0x0000000800000000)
  region size 2048K, 40 young (81920K), 1 survivors (2048K)
 Metaspace       used 89954K, committed 90752K, reserved 1179648K
  class space    used 12337K, committed 12736K, reserved 1048576K
}
Event: 1537.940 GC heap after
{Heap after GC invocations=150 (full 4):
 garbage-first heap   total 524288K, used 95340K [0x0000000701800000, 0x0000000800000000)
  region size 2048K, 1 young (2048K), 1 survivors (2048K)
 Metaspace       used 89954K, committed 90752K, reserved 1179648K
  class space    used 12337K, committed 12736K, reserved 1048576K
}
Event: 1541.532 GC heap before
{Heap before GC invocations=150 (full 4):
 garbage-first heap   total 524288K, used 175212K [0x0000000701800000, 0x0000000800000000)
  region size 2048K, 40 young (81920K), 1 survivors (2048K)
 Metaspace       used 89959K, committed 90752K, reserved 1179648K
  class space    used 12337K, committed 12736K, reserved 1048576K
}
Event: 1541.533 GC heap after
{Heap after GC invocations=151 (full 4):
 garbage-first heap   total 524288K, used 95363K [0x0000000701800000, 0x0000000800000000)
  region size 2048K, 1 young (2048K), 1 survivors (2048K)
 Metaspace       used 89959K, committed 90752K, reserved 1179648K
  class space    used 12337K, committed 12736K, reserved 1048576K
}
Event: 1552.383 GC heap before
{Heap before GC invocations=151 (full 4):
 garbage-first heap   total 524288K, used 175235K [0x0000000701800000, 0x0000000800000000)
  region size 2048K, 40 young (81920K), 1 survivors (2048K)
 Metaspace       used 89961K, committed 90752K, reserved 1179648K
  class space    used 12337K, committed 12736K, reserved 1048576K
}
Event: 1552.385 GC heap after
{Heap after GC invocations=152 (full 4):
 garbage-first heap   total 524288K, used 95419K [0x0000000701800000, 0x0000000800000000)
  region size 2048K, 1 young (2048K), 1 survivors (2048K)
 Metaspace       used 89961K, committed 90752K, reserved 1179648K
  class space    used 12337K, committed 12736K, reserved 1048576K
}

